Added Component: Designator=C1(0805)
Added Component: Designator=C2(0805)
Added Component: Designator=C3(0805)
Added Component: Designator=C4(0805)
Added Component: Designator=C5(0805)
Added Component: Designator=C6(CAP18x16.5)
Added Component: Designator=C7(CAP18x16.5)
Added Component: Designator=C8(CAP18x16.5)
Added Component: Designator=C9(CAP18x16.5)
Added Component: Designator=C10(0805)
Added Component: Designator=C11(0805)
Added Component: Designator=C12(0805)
Added Component: Designator=C13(0805)
Added Component: Designator=C14(0805)
Added Component: Designator=C15(0805)
Added Component: Designator=C16(0805)
Added Component: Designator=C17(0805)
Added Component: Designator=C18(0805)
Added Component: Designator=C19(0805)
Added Component: Designator=C20(0805)
Added Component: Designator=C21(0805)
Added Component: Designator=C22(0805)
Added Component: Designator=C23(0805)
Added Component: Designator=C24(0805)
Added Component: Designator=C25(0805)
Added Component: Designator=C26(0805)
Added Component: Designator=C27(0805)
Added Component: Designator=C28(0603)
Added Component: Designator=D1(LED_0805)
Added Component: Designator=D2(SOT65P210X110-6M)
Added Component: Designator=D3(LED_0805)
Added Component: Designator=D4(DIO-214)
Added Component: Designator=J1(HT508-2P)
Added Component: Designator=J2(HT508-3P)
Added Component: Designator=L1(inductor7x7)
Added Component: Designator=P1(HDR2X10)
Added Component: Designator=P2(HDR2X10)
Added Component: Designator=Q1(TO-252)
Added Component: Designator=Q2(TO-252)
Added Component: Designator=Q3(TO-252)
Added Component: Designator=Q4(TO-252)
Added Component: Designator=Q5(TO-252)
Added Component: Designator=Q6(TO-252)
Added Component: Designator=R1(0805)
Added Component: Designator=R2(0805)
Added Component: Designator=R3(0805)
Added Component: Designator=R4(0805)
Added Component: Designator=R5(0805)
Added Component: Designator=R6(0805)
Added Component: Designator=R7(2512-RESC6332X06N)
Added Component: Designator=R8(0805)
Added Component: Designator=R9(0805)
Added Component: Designator=R10(0805)
Added Component: Designator=R11(0805)
Added Component: Designator=R12(0805)
Added Component: Designator=R13(2512-RESC6332X06N)
Added Component: Designator=R14(0805)
Added Component: Designator=R15(0805)
Added Component: Designator=R16(0805)
Added Component: Designator=R17(2512-RESC6332X06N)
Added Component: Designator=R18(0805)
Added Component: Designator=R19(0805)
Added Component: Designator=R20(0805)
Added Component: Designator=R21(0805)
Added Component: Designator=TP1(Testpoint)
Added Component: Designator=TP2(Testpoint)
Added Component: Designator=TP3(Testpoint)
Added Component: Designator=TP4(Testpoint)
Added Component: Designator=TP5(Testpoint)
Added Component: Designator=TP6(Testpoint)
Added Component: Designator=TP7(Testpoint)
Added Component: Designator=TP8(Testpoint)
Added Component: Designator=TP9(Testpoint)
Added Component: Designator=U1(TSQFP50P900X900X120_HS-49M)
Added Component: Designator=U2(SOT95P280X110-6M)
Added Pin To Net: NetName=3V3 Pin=C16-2
Added Pin To Net: NetName=3V3 Pin=C28-2
Added Pin To Net: NetName=3V3 Pin=D1-1
Added Pin To Net: NetName=3V3 Pin=D2-5
Added Pin To Net: NetName=3V3 Pin=D3-1
Added Pin To Net: NetName=3V3 Pin=L1-2
Added Pin To Net: NetName=3V3 Pin=P1-1
Added Pin To Net: NetName=3V3 Pin=R1-2
Added Pin To Net: NetName=3V3 Pin=R6-2
Added Pin To Net: NetName=3V3 Pin=R18-2
Added Pin To Net: NetName=3V3 Pin=U1-48
Added Net: Name=3V3
Added Pin To Net: NetName=EN_GATE Pin=P2-16
Added Pin To Net: NetName=EN_GATE Pin=U1-1
Added Net: Name=EN_GATE
Added Pin To Net: NetName=GH_A Pin=Q1-2
Added Pin To Net: NetName=GH_A Pin=U1-36
Added Net: Name=GH_A
Added Pin To Net: NetName=GH_B Pin=Q3-2
Added Pin To Net: NetName=GH_B Pin=U1-29
Added Net: Name=GH_B
Added Pin To Net: NetName=GH_C Pin=Q5-2
Added Pin To Net: NetName=GH_C Pin=U1-28
Added Net: Name=GH_C
Added Pin To Net: NetName=GL_A Pin=Q2-2
Added Pin To Net: NetName=GL_A Pin=U1-33
Added Net: Name=GL_A
Added Pin To Net: NetName=GL_B Pin=Q4-2
Added Pin To Net: NetName=GL_B Pin=U1-32
Added Net: Name=GL_B
Added Pin To Net: NetName=GL_C Pin=Q6-2
Added Pin To Net: NetName=GL_C Pin=U1-25
Added Net: Name=GL_C
Added Pin To Net: NetName=GND Pin=C1-1
Added Pin To Net: NetName=GND Pin=C2-1
Added Pin To Net: NetName=GND Pin=C3-1
Added Pin To Net: NetName=GND Pin=C4-1
Added Pin To Net: NetName=GND Pin=C6-2
Added Pin To Net: NetName=GND Pin=C7-2
Added Pin To Net: NetName=GND Pin=C8-2
Added Pin To Net: NetName=GND Pin=C9-2
Added Pin To Net: NetName=GND Pin=C10-1
Added Pin To Net: NetName=GND Pin=C16-1
Added Pin To Net: NetName=GND Pin=C17-1
Added Pin To Net: NetName=GND Pin=C18-1
Added Pin To Net: NetName=GND Pin=C19-1
Added Pin To Net: NetName=GND Pin=C20-1
Added Pin To Net: NetName=GND Pin=C21-1
Added Pin To Net: NetName=GND Pin=C22-1
Added Pin To Net: NetName=GND Pin=C23-1
Added Pin To Net: NetName=GND Pin=C24-1
Added Pin To Net: NetName=GND Pin=C26-1
Added Pin To Net: NetName=GND Pin=C27-1
Added Pin To Net: NetName=GND Pin=C28-1
Added Pin To Net: NetName=GND Pin=D2-2
Added Pin To Net: NetName=GND Pin=D4-1
Added Pin To Net: NetName=GND Pin=J1-2
Added Pin To Net: NetName=GND Pin=P1-4
Added Pin To Net: NetName=GND Pin=P2-2
Added Pin To Net: NetName=GND Pin=R4-1
Added Pin To Net: NetName=GND Pin=R7-1
Added Pin To Net: NetName=GND Pin=R9-1
Added Pin To Net: NetName=GND Pin=R13-1
Added Pin To Net: NetName=GND Pin=R15-1
Added Pin To Net: NetName=GND Pin=R16-1
Added Pin To Net: NetName=GND Pin=R17-1
Added Pin To Net: NetName=GND Pin=R19-1
Added Pin To Net: NetName=GND Pin=R21-1
Added Pin To Net: NetName=GND Pin=TP3-2
Added Pin To Net: NetName=GND Pin=TP6-2
Added Pin To Net: NetName=GND Pin=TP9-2
Added Pin To Net: NetName=GND Pin=U1-14
Added Pin To Net: NetName=GND Pin=U1-45
Added Pin To Net: NetName=GND Pin=U1-49
Added Pin To Net: NetName=GND Pin=U2-2
Added Net: Name=GND
Added Pin To Net: NetName=INH_A Pin=P2-1
Added Pin To Net: NetName=INH_A Pin=U1-2
Added Net: Name=INH_A
Added Pin To Net: NetName=INH_B Pin=P2-5
Added Pin To Net: NetName=INH_B Pin=U1-4
Added Net: Name=INH_B
Added Pin To Net: NetName=INH_C Pin=P2-9
Added Pin To Net: NetName=INH_C Pin=U1-6
Added Net: Name=INH_C
Added Pin To Net: NetName=INL_A Pin=P2-3
Added Pin To Net: NetName=INL_A Pin=U1-3
Added Net: Name=INL_A
Added Pin To Net: NetName=INL_B Pin=P2-7
Added Pin To Net: NetName=INL_B Pin=U1-5
Added Net: Name=INL_B
Added Pin To Net: NetName=INL_C Pin=P2-11
Added Pin To Net: NetName=INL_C Pin=U1-7
Added Net: Name=INL_C
Added Pin To Net: NetName=ISEN_A Pin=R10-2
Added Pin To Net: NetName=ISEN_A Pin=U1-16
Added Net: Name=ISEN_A
Added Pin To Net: NetName=ISEN_B Pin=R11-2
Added Pin To Net: NetName=ISEN_B Pin=U1-17
Added Net: Name=ISEN_B
Added Pin To Net: NetName=ISEN_C Pin=R12-2
Added Pin To Net: NetName=ISEN_C Pin=U1-18
Added Net: Name=ISEN_C
Added Pin To Net: NetName=MOT_A Pin=J2-1
Added Pin To Net: NetName=MOT_A Pin=Q1-3
Added Pin To Net: NetName=MOT_A Pin=Q2-1
Added Pin To Net: NetName=MOT_A Pin=R8-2
Added Pin To Net: NetName=MOT_A Pin=TP2-2
Added Net: Name=MOT_A
Added Pin To Net: NetName=MOT_B Pin=J2-2
Added Pin To Net: NetName=MOT_B Pin=Q3-3
Added Pin To Net: NetName=MOT_B Pin=Q4-1
Added Pin To Net: NetName=MOT_B Pin=R14-2
Added Pin To Net: NetName=MOT_B Pin=TP5-2
Added Net: Name=MOT_B
Added Pin To Net: NetName=MOT_C Pin=J2-3
Added Pin To Net: NetName=MOT_C Pin=Q5-3
Added Pin To Net: NetName=MOT_C Pin=Q6-1
Added Pin To Net: NetName=MOT_C Pin=R20-2
Added Pin To Net: NetName=MOT_C Pin=TP8-2
Added Net: Name=MOT_C
Added Pin To Net: NetName=NetC1_2 Pin=C1-2
Added Pin To Net: NetName=NetC1_2 Pin=U1-46
Added Net: Name=NetC1_2
Added Pin To Net: NetName=NetC3_2 Pin=C3-2
Added Pin To Net: NetName=NetC3_2 Pin=U1-37
Added Net: Name=NetC3_2
Added Pin To Net: NetName=NetC4_2 Pin=C4-2
Added Pin To Net: NetName=NetC4_2 Pin=U1-15
Added Net: Name=NetC4_2
Added Pin To Net: NetName=NetC5_1 Pin=C5-1
Added Pin To Net: NetName=NetC5_1 Pin=U1-38
Added Net: Name=NetC5_1
Added Pin To Net: NetName=NetC11_1 Pin=C11-1
Added Pin To Net: NetName=NetC11_1 Pin=U1-43
Added Net: Name=NetC11_1
Added Pin To Net: NetName=NetC11_2 Pin=C11-2
Added Pin To Net: NetName=NetC11_2 Pin=U1-42
Added Net: Name=NetC11_2
Added Pin To Net: NetName=NetC12_1 Pin=C12-1
Added Pin To Net: NetName=NetC12_1 Pin=U1-39
Added Net: Name=NetC12_1
Added Pin To Net: NetName=NetC12_2 Pin=C12-2
Added Pin To Net: NetName=NetC12_2 Pin=U1-40
Added Net: Name=NetC12_2
Added Pin To Net: NetName=NetC18_2 Pin=C18-2
Added Pin To Net: NetName=NetC18_2 Pin=P1-14
Added Pin To Net: NetName=NetC18_2 Pin=R10-1
Added Net: Name=NetC18_2
Added Pin To Net: NetName=NetC20_2 Pin=C20-2
Added Pin To Net: NetName=NetC20_2 Pin=P1-16
Added Pin To Net: NetName=NetC20_2 Pin=R11-1
Added Net: Name=NetC20_2
Added Pin To Net: NetName=NetC21_2 Pin=C21-2
Added Pin To Net: NetName=NetC21_2 Pin=P1-18
Added Pin To Net: NetName=NetC21_2 Pin=R12-1
Added Net: Name=NetC21_2
Added Pin To Net: NetName=NetC25_1 Pin=C25-1
Added Pin To Net: NetName=NetC25_1 Pin=U2-1
Added Net: Name=NetC25_1
Added Pin To Net: NetName=NetC25_2 Pin=C25-2
Added Pin To Net: NetName=NetC25_2 Pin=D4-2
Added Pin To Net: NetName=NetC25_2 Pin=L1-1
Added Pin To Net: NetName=NetC25_2 Pin=U2-6
Added Net: Name=NetC25_2
Added Pin To Net: NetName=NetD1_2 Pin=D1-2
Added Pin To Net: NetName=NetD1_2 Pin=R2-2
Added Net: Name=NetD1_2
Added Pin To Net: NetName=NetD3_2 Pin=D3-2
Added Pin To Net: NetName=NetD3_2 Pin=R16-2
Added Net: Name=NetD3_2
Added Pin To Net: NetName=NetR5_1 Pin=R5-1
Added Pin To Net: NetName=NetR5_1 Pin=U1-44
Added Net: Name=NetR5_1
Added Pin To Net: NetName=NetR18_1 Pin=R18-1
Added Pin To Net: NetName=NetR18_1 Pin=R19-2
Added Pin To Net: NetName=NetR18_1 Pin=U2-3
Added Net: Name=NetR18_1
Added Pin To Net: NetName=NFAULT Pin=P1-5
Added Pin To Net: NetName=NFAULT Pin=R1-1
Added Pin To Net: NetName=NFAULT Pin=R2-1
Added Pin To Net: NetName=NFAULT Pin=U1-8
Added Net: Name=NFAULT
Added Pin To Net: NetName=PVDD Pin=C2-2
Added Pin To Net: NetName=PVDD Pin=C5-2
Added Pin To Net: NetName=PVDD Pin=C6-1
Added Pin To Net: NetName=PVDD Pin=C7-1
Added Pin To Net: NetName=PVDD Pin=C8-1
Added Pin To Net: NetName=PVDD Pin=C9-1
Added Pin To Net: NetName=PVDD Pin=C17-2
Added Pin To Net: NetName=PVDD Pin=C22-2
Added Pin To Net: NetName=PVDD Pin=C23-2
Added Pin To Net: NetName=PVDD Pin=C26-2
Added Pin To Net: NetName=PVDD Pin=J1-1
Added Pin To Net: NetName=PVDD Pin=Q1-1
Added Pin To Net: NetName=PVDD Pin=Q3-1
Added Pin To Net: NetName=PVDD Pin=Q5-1
Added Pin To Net: NetName=PVDD Pin=R3-2
Added Pin To Net: NetName=PVDD Pin=R5-2
Added Pin To Net: NetName=PVDD Pin=U1-41
Added Pin To Net: NetName=PVDD Pin=U2-5
Added Net: Name=PVDD
Added Pin To Net: NetName=PWGRD Pin=P2-10
Added Pin To Net: NetName=PWGRD Pin=R6-1
Added Pin To Net: NetName=PWGRD Pin=U1-13
Added Net: Name=PWGRD
Added Pin To Net: NetName=SCLK Pin=P1-13
Added Pin To Net: NetName=SCLK Pin=U1-12
Added Net: Name=SCLK
Added Pin To Net: NetName=SCS Pin=P2-4
Added Pin To Net: NetName=SCS Pin=U1-9
Added Net: Name=SCS
Added Pin To Net: NetName=SDI Pin=P2-12
Added Pin To Net: NetName=SDI Pin=U1-10
Added Net: Name=SDI
Added Pin To Net: NetName=SDO Pin=P2-14
Added Pin To Net: NetName=SDO Pin=U1-11
Added Net: Name=SDO
Added Pin To Net: NetName=SH_A Pin=TP2-1
Added Pin To Net: NetName=SH_A Pin=U1-35
Added Net: Name=SH_A
Added Pin To Net: NetName=SH_B Pin=TP5-1
Added Pin To Net: NetName=SH_B Pin=U1-30
Added Net: Name=SH_B
Added Pin To Net: NetName=SH_C Pin=TP8-1
Added Pin To Net: NetName=SH_C Pin=U1-27
Added Net: Name=SH_C
Added Pin To Net: NetName=SL_A Pin=Q2-3
Added Pin To Net: NetName=SL_A Pin=R7-2
Added Pin To Net: NetName=SL_A Pin=TP1-2
Added Pin To Net: NetName=SL_A Pin=U1-34
Added Net: Name=SL_A
Added Pin To Net: NetName=SL_B Pin=Q4-3
Added Pin To Net: NetName=SL_B Pin=R13-2
Added Pin To Net: NetName=SL_B Pin=TP4-2
Added Pin To Net: NetName=SL_B Pin=U1-31
Added Net: Name=SL_B
Added Pin To Net: NetName=SL_C Pin=Q6-3
Added Pin To Net: NetName=SL_C Pin=R17-2
Added Pin To Net: NetName=SL_C Pin=TP7-2
Added Pin To Net: NetName=SL_C Pin=U1-26
Added Net: Name=SL_C
Added Pin To Net: NetName=SN1 Pin=C13-2
Added Pin To Net: NetName=SN1 Pin=TP1-1
Added Pin To Net: NetName=SN1 Pin=U1-23
Added Net: Name=SN1
Added Pin To Net: NetName=SN2 Pin=C14-2
Added Pin To Net: NetName=SN2 Pin=TP4-1
Added Pin To Net: NetName=SN2 Pin=U1-21
Added Net: Name=SN2
Added Pin To Net: NetName=SN3 Pin=C15-2
Added Pin To Net: NetName=SN3 Pin=TP7-1
Added Pin To Net: NetName=SN3 Pin=U1-19
Added Net: Name=SN3
Added Pin To Net: NetName=SP1 Pin=C13-1
Added Pin To Net: NetName=SP1 Pin=TP3-1
Added Pin To Net: NetName=SP1 Pin=U1-24
Added Net: Name=SP1
Added Pin To Net: NetName=SP2 Pin=C14-1
Added Pin To Net: NetName=SP2 Pin=TP6-1
Added Pin To Net: NetName=SP2 Pin=U1-22
Added Net: Name=SP2
Added Pin To Net: NetName=SP3 Pin=C15-1
Added Pin To Net: NetName=SP3 Pin=TP9-1
Added Pin To Net: NetName=SP3 Pin=U1-20
Added Net: Name=SP3
Added Pin To Net: NetName=VSEN_A Pin=C19-2
Added Pin To Net: NetName=VSEN_A Pin=D2-1
Added Pin To Net: NetName=VSEN_A Pin=P1-6
Added Pin To Net: NetName=VSEN_A Pin=R8-1
Added Pin To Net: NetName=VSEN_A Pin=R9-2
Added Net: Name=VSEN_A
Added Pin To Net: NetName=VSEN_B Pin=C24-2
Added Pin To Net: NetName=VSEN_B Pin=D2-3
Added Pin To Net: NetName=VSEN_B Pin=P1-8
Added Pin To Net: NetName=VSEN_B Pin=R14-1
Added Pin To Net: NetName=VSEN_B Pin=R15-2
Added Net: Name=VSEN_B
Added Pin To Net: NetName=VSEN_C Pin=C27-2
Added Pin To Net: NetName=VSEN_C Pin=D2-4
Added Pin To Net: NetName=VSEN_C Pin=P1-10
Added Pin To Net: NetName=VSEN_C Pin=R20-1
Added Pin To Net: NetName=VSEN_C Pin=R21-2
Added Net: Name=VSEN_C
Added Pin To Net: NetName=VSEN_PVDD Pin=C10-2
Added Pin To Net: NetName=VSEN_PVDD Pin=D2-6
Added Pin To Net: NetName=VSEN_PVDD Pin=P1-12
Added Pin To Net: NetName=VSEN_PVDD Pin=R3-1
Added Pin To Net: NetName=VSEN_PVDD Pin=R4-2
Added Net: Name=VSEN_PVDD
Added Pin To Net: NetName=WAKE Pin=P2-18
Added Pin To Net: NetName=WAKE Pin=U1-47
Added Net: Name=WAKE
Added Class: Name=ThreePhaseInverter_DRV8305_V1
Added Room: Name=ThreePhaseInverter_DRV8305_V1
