Removed Pin From Net: NetName=PVDD Pin=Q1-1
Removed Pin From Net: NetName=GH_A Pin=Q1-2
Removed Pin From Net: NetName=MOT_A Pin=Q4-1
Removed Pin From Net: NetName=GL_A Pin=Q4-2
Change Component Footprint: Designator=Q1 Old Footprint=TO-252 New Footprint=SON127P600X105-8M
Change Component Footprint: Designator=Q4 Old Footprint=TO-252 New Footprint=SON127P600X105-8M
Change Component Comment : Designator=Q1 Old Comment=IRLR7843-MOSFET-N New Comment=CSD18540
Change Component Comment : Designator=Q4 Old Comment=IRLR7843-MOSFET-N New Comment=CSD18540
Added Pin To Net: NetName=MOT_A Pin=Q1-1
Added Pin To Net: NetName=MOT_A Pin=Q1-2
Added Pin To Net: NetName=GH_A Pin=Q1-4
Added Pin To Net: NetName=PVDD Pin=Q1-5
Added Pin To Net: NetName=PVDD Pin=Q1-6
Added Pin To Net: NetName=PVDD Pin=Q1-7
Added Pin To Net: NetName=PVDD Pin=Q1-8
Added Pin To Net: NetName=SL_A Pin=Q4-1
Added Pin To Net: NetName=SL_A Pin=Q4-2
Added Pin To Net: NetName=GL_A Pin=Q4-4
Added Pin To Net: NetName=MOT_A Pin=Q4-5
Added Pin To Net: NetName=MOT_A Pin=Q4-6
Added Pin To Net: NetName=MOT_A Pin=Q4-7
Added Pin To Net: NetName=MOT_A Pin=Q4-8
Added Room: Name=ThreePhaseInverter_DRV8305_V1
