Removed Pin From Net: NetName=SH_A Pin=TP1-1
Removed Pin From Net: NetName=MOT_A Pin=TP1-2
Removed Pin From Net: NetName=SH_B Pin=TP2-1
Removed Pin From Net: NetName=MOT_B Pin=TP2-2
Removed Pin From Net: NetName=SH_C Pin=TP3-1
Removed Pin From Net: NetName=MOT_C Pin=TP3-2
Removed Pin From Net: NetName=SN1 Pin=TP4-1
Removed Pin From Net: NetName=SL_A Pin=TP4-2
Removed Pin From Net: NetName=SN2 Pin=TP5-1
Removed Pin From Net: NetName=SL_B Pin=TP5-2
Removed Pin From Net: NetName=SN3 Pin=TP6-1
Removed Pin From Net: NetName=SL_C Pin=TP6-2
Removed Pin From Net: NetName=SP1 Pin=TP7-1
Removed Pin From Net: NetName=GND Pin=TP7-2
Removed Pin From Net: NetName=SP2 Pin=TP8-1
Removed Pin From Net: NetName=GND Pin=TP8-2
Removed Pin From Net: NetName=SP3 Pin=TP9-1
Removed Pin From Net: NetName=GND Pin=TP9-2
Removed Member From Class: ClassName=ThreePhaseInverter_DRV8305_V1 Member=TP1
Removed Member From Class: ClassName=ThreePhaseInverter_DRV8305_V1 Member=TP2
Removed Member From Class: ClassName=ThreePhaseInverter_DRV8305_V1 Member=TP3
Removed Member From Class: ClassName=ThreePhaseInverter_DRV8305_V1 Member=TP4
Removed Member From Class: ClassName=ThreePhaseInverter_DRV8305_V1 Member=TP5
Removed Member From Class: ClassName=ThreePhaseInverter_DRV8305_V1 Member=TP6
Removed Member From Class: ClassName=ThreePhaseInverter_DRV8305_V1 Member=TP7
Removed Member From Class: ClassName=ThreePhaseInverter_DRV8305_V1 Member=TP8
Removed Member From Class: ClassName=ThreePhaseInverter_DRV8305_V1 Member=TP9
Added Component: Designator=R22(1206)
Added Component: Designator=R23(1206)
Added Component: Designator=R24(1206)
Added Component: Designator=R25(1206)
Added Component: Designator=R26(1206)
Added Component: Designator=R27(1206)
Added Component: Designator=R28(1206)
Added Component: Designator=R29(1206)
Added Component: Designator=R30(1206)
Added Pin To Net: NetName=SH_A Pin=R22-1
Added Pin To Net: NetName=MOT_A Pin=R22-2
Added Pin To Net: NetName=SH_B Pin=R23-1
Added Pin To Net: NetName=MOT_B Pin=R23-2
Added Pin To Net: NetName=SH_C Pin=R24-1
Added Pin To Net: NetName=MOT_C Pin=R24-2
Added Pin To Net: NetName=SN1 Pin=R25-1
Added Pin To Net: NetName=SL_A Pin=R25-2
Added Pin To Net: NetName=SN2 Pin=R26-1
Added Pin To Net: NetName=SL_B Pin=R26-2
Added Pin To Net: NetName=SN3 Pin=R27-1
Added Pin To Net: NetName=SL_C Pin=R27-2
Added Pin To Net: NetName=SP1 Pin=R28-1
Added Pin To Net: NetName=GND Pin=R28-2
Added Pin To Net: NetName=SP2 Pin=R29-1
Added Pin To Net: NetName=GND Pin=R29-2
Added Pin To Net: NetName=SP3 Pin=R30-1
Added Pin To Net: NetName=GND Pin=R30-2
Added Member To Class: ClassName=ThreePhaseInverter_DRV8305_V1 Member=Component R22 Res
Added Member To Class: ClassName=ThreePhaseInverter_DRV8305_V1 Member=Component R23 Res
Added Member To Class: ClassName=ThreePhaseInverter_DRV8305_V1 Member=Component R24 Res
Added Member To Class: ClassName=ThreePhaseInverter_DRV8305_V1 Member=Component R25 Res
Added Member To Class: ClassName=ThreePhaseInverter_DRV8305_V1 Member=Component R26 Res
Added Member To Class: ClassName=ThreePhaseInverter_DRV8305_V1 Member=Component R27 Res
Added Member To Class: ClassName=ThreePhaseInverter_DRV8305_V1 Member=Component R28 Res
Added Member To Class: ClassName=ThreePhaseInverter_DRV8305_V1 Member=Component R29 Res
Added Member To Class: ClassName=ThreePhaseInverter_DRV8305_V1 Member=Component R30 Res
Added Room: Name=ThreePhaseInverter_DRV8305_V1
