Removed Pin From Net: NetName=PVDD Pin=Q1-1
Removed Pin From Net: NetName=GH_A Pin=Q1-2
Removed Pin From Net: NetName=MOT_A Pin=Q1-3
Removed Pin From Net: NetName=MOT_A Pin=Q2-1
Removed Pin From Net: NetName=GL_A Pin=Q2-2
Removed Pin From Net: NetName=SL_A Pin=Q2-3
Removed Pin From Net: NetName=PVDD Pin=Q3-1
Removed Pin From Net: NetName=GH_B Pin=Q3-2
Removed Pin From Net: NetName=MOT_B Pin=Q3-3
Removed Pin From Net: NetName=MOT_B Pin=Q4-1
Removed Pin From Net: NetName=GL_B Pin=Q4-2
Removed Pin From Net: NetName=SL_B Pin=Q4-3
Removed Pin From Net: NetName=PVDD Pin=Q5-1
Removed Pin From Net: NetName=GH_C Pin=Q5-2
Removed Pin From Net: NetName=MOT_C Pin=Q5-3
Removed Pin From Net: NetName=MOT_C Pin=Q6-1
Removed Pin From Net: NetName=GL_C Pin=Q6-2
Change Component Footprint: Designator=Q1 Old Footprint=TO-252 New Footprint=SON127P600X105-8M
Change Component Footprint: Designator=Q2 Old Footprint=TO-252 New Footprint=SON127P600X105-8M
Change Component Footprint: Designator=Q3 Old Footprint=TO-252 New Footprint=SON127P600X105-8M
Change Component Footprint: Designator=Q4 Old Footprint=TO-252 New Footprint=SON127P600X105-8M
Change Component Footprint: Designator=Q5 Old Footprint=TO-252 New Footprint=SON127P600X105-8M
Change Component Footprint: Designator=Q6 Old Footprint=TO-252 New Footprint=SON127P600X105-8M
Change Component Comment : Designator=Q1 Old Comment=IRLR7843-MOSFET-N New Comment=CSD18540
Change Component Comment : Designator=Q2 Old Comment=IRLR7843-MOSFET-N New Comment=CSD18540
Change Component Comment : Designator=Q3 Old Comment=IRLR7843-MOSFET-N New Comment=CSD18540
Change Component Comment : Designator=Q4 Old Comment=IRLR7843-MOSFET-N New Comment=CSD18540
Change Component Comment : Designator=Q5 Old Comment=IRLR7843-MOSFET-N New Comment=CSD18540
Change Component Comment : Designator=Q6 Old Comment=IRLR7843-MOSFET-N New Comment=CSD18540
Change Component Designator: OldDesignator=C1 NewDesignator=C3
Change Component Designator: OldDesignator=C2 NewDesignator=C6
Change Component Designator: OldDesignator=C3 NewDesignator=C22
Change Component Designator: OldDesignator=C4 NewDesignator=C1
Change Component Designator: OldDesignator=C5 NewDesignator=C18
Change Component Designator: OldDesignator=C6 NewDesignator=C24
Change Component Designator: OldDesignator=C7 NewDesignator=C25
Change Component Designator: OldDesignator=C8 NewDesignator=C26
Change Component Designator: OldDesignator=C9 NewDesignator=C27
Change Component Designator: OldDesignator=C10 NewDesignator=C28
Change Component Designator: OldDesignator=C11 NewDesignator=C2
Change Component Designator: OldDesignator=C12 NewDesignator=C4
Change Component Designator: OldDesignator=C13 NewDesignator=C16
Change Component Designator: OldDesignator=C14 NewDesignator=C17
Change Component Designator: OldDesignator=C15 NewDesignator=C19
Change Component Designator: OldDesignator=C16 NewDesignator=C5
Change Component Designator: OldDesignator=C17 NewDesignator=C10
Change Component Designator: OldDesignator=C18 NewDesignator=C7
Change Component Designator: OldDesignator=C19 NewDesignator=C13
Change Component Designator: OldDesignator=C20 NewDesignator=C8
Change Component Designator: OldDesignator=C21 NewDesignator=C9
Change Component Designator: OldDesignator=C22 NewDesignator=C23
Change Component Designator: OldDesignator=C23 NewDesignator=C11
Change Component Designator: OldDesignator=C24 NewDesignator=C14
Change Component Designator: OldDesignator=C25 NewDesignator=C20
Change Component Designator: OldDesignator=C26 NewDesignator=C12
Change Component Designator: OldDesignator=C27 NewDesignator=C15
Change Component Designator: OldDesignator=C28 NewDesignator=C21
Change Component Designator: OldDesignator=D2 NewDesignator=D3
Change Component Designator: OldDesignator=D3 NewDesignator=D2
Change Component Designator: OldDesignator=J1 NewDesignator=J2
Change Component Designator: OldDesignator=J2 NewDesignator=J1
Change Component Designator: OldDesignator=R1 NewDesignator=R6
Change Component Designator: OldDesignator=R2 NewDesignator=R7
Change Component Designator: OldDesignator=R3 NewDesignator=R20
Change Component Designator: OldDesignator=R4 NewDesignator=R21
Change Component Designator: OldDesignator=R6 NewDesignator=R1
Change Component Designator: OldDesignator=R7 NewDesignator=R11
Change Component Designator: OldDesignator=R9 NewDesignator=R12
Change Component Designator: OldDesignator=R10 NewDesignator=R2
Change Component Designator: OldDesignator=R11 NewDesignator=R3
Change Component Designator: OldDesignator=R12 NewDesignator=R4
Change Component Designator: OldDesignator=R14 NewDesignator=R9
Change Component Designator: OldDesignator=R15 NewDesignator=R14
Change Component Designator: OldDesignator=R16 NewDesignator=R17
Change Component Designator: OldDesignator=R17 NewDesignator=R15
Change Component Designator: OldDesignator=R20 NewDesignator=R10
Change Component Designator: OldDesignator=R21 NewDesignator=R16
Change Component Designator: OldDesignator=TP1 NewDesignator=TP4
Change Component Designator: OldDesignator=TP2 NewDesignator=TP1
Change Component Designator: OldDesignator=TP3 NewDesignator=TP7
Change Component Designator: OldDesignator=TP4 NewDesignator=TP5
Change Component Designator: OldDesignator=TP5 NewDesignator=TP2
Change Component Designator: OldDesignator=TP6 NewDesignator=TP8
Change Component Designator: OldDesignator=TP7 NewDesignator=TP6
Change Component Designator: OldDesignator=TP8 NewDesignator=TP3
Added Pin To Net: NetName=MOT_B Pin=Q1-1
Added Pin To Net: NetName=MOT_B Pin=Q1-2
Added Pin To Net: NetName=MOT_B Pin=Q1-3
Added Pin To Net: NetName=GH_B Pin=Q1-4
Added Pin To Net: NetName=PVDD Pin=Q1-5
Added Pin To Net: NetName=PVDD Pin=Q1-6
Added Pin To Net: NetName=PVDD Pin=Q1-7
Added Pin To Net: NetName=PVDD Pin=Q1-8
Added Pin To Net: NetName=MOT_C Pin=Q2-1
Added Pin To Net: NetName=MOT_C Pin=Q2-2
Added Pin To Net: NetName=MOT_C Pin=Q2-3
Added Pin To Net: NetName=GH_C Pin=Q2-4
Added Pin To Net: NetName=PVDD Pin=Q2-5
Added Pin To Net: NetName=PVDD Pin=Q2-6
Added Pin To Net: NetName=PVDD Pin=Q2-7
Added Pin To Net: NetName=PVDD Pin=Q2-8
Added Pin To Net: NetName=MOT_A Pin=Q3-1
Added Pin To Net: NetName=MOT_A Pin=Q3-2
Added Pin To Net: NetName=MOT_A Pin=Q3-3
Added Pin To Net: NetName=GH_A Pin=Q3-4
Added Pin To Net: NetName=PVDD Pin=Q3-5
Added Pin To Net: NetName=PVDD Pin=Q3-6
Added Pin To Net: NetName=PVDD Pin=Q3-7
Added Pin To Net: NetName=PVDD Pin=Q3-8
Added Pin To Net: NetName=SL_A Pin=Q4-1
Added Pin To Net: NetName=SL_A Pin=Q4-2
Added Pin To Net: NetName=SL_A Pin=Q4-3
Added Pin To Net: NetName=GL_A Pin=Q4-4
Added Pin To Net: NetName=MOT_A Pin=Q4-5
Added Pin To Net: NetName=MOT_A Pin=Q4-6
Added Pin To Net: NetName=MOT_A Pin=Q4-7
Added Pin To Net: NetName=MOT_A Pin=Q4-8
Added Pin To Net: NetName=SL_B Pin=Q5-1
Added Pin To Net: NetName=SL_B Pin=Q5-2
Added Pin To Net: NetName=SL_B Pin=Q5-3
Added Pin To Net: NetName=GL_B Pin=Q5-4
Added Pin To Net: NetName=MOT_B Pin=Q5-5
Added Pin To Net: NetName=MOT_B Pin=Q5-6
Added Pin To Net: NetName=MOT_B Pin=Q5-7
Added Pin To Net: NetName=MOT_B Pin=Q5-8
Added Pin To Net: NetName=SL_C Pin=Q6-1
Added Pin To Net: NetName=SL_C Pin=Q6-2
Added Pin To Net: NetName=GL_C Pin=Q6-4
Added Pin To Net: NetName=MOT_C Pin=Q6-5
Added Pin To Net: NetName=MOT_C Pin=Q6-6
Added Pin To Net: NetName=MOT_C Pin=Q6-7
Added Pin To Net: NetName=MOT_C Pin=Q6-8
Change Net Name : Old Net Name=NetC1_2 New Net Name=NetC3_2
Change Net Name : Old Net Name=NetC3_2 New Net Name=NetC22_2
Change Net Name : Old Net Name=NetC4_2 New Net Name=NetC1_2
Change Net Name : Old Net Name=NetC5_1 New Net Name=NetC18_1
Change Net Name : Old Net Name=NetC11_1 New Net Name=NetC2_1
Change Net Name : Old Net Name=NetC11_2 New Net Name=NetC2_2
Change Net Name : Old Net Name=NetC12_1 New Net Name=NetC4_1
Change Net Name : Old Net Name=NetC12_2 New Net Name=NetC4_2
Change Net Name : Old Net Name=NetC18_2 New Net Name=NetC7_2
Change Net Name : Old Net Name=NetC20_2 New Net Name=NetC8_2
Change Net Name : Old Net Name=NetC21_2 New Net Name=NetC9_2
Change Net Name : Old Net Name=NetC25_1 New Net Name=NetC20_1
Change Net Name : Old Net Name=NetC25_2 New Net Name=NetC20_2
Change Net Name : Old Net Name=NetD3_2 New Net Name=NetD2_2
Added Room: Name=ThreePhaseInverter_DRV8305_V1
