Removed Pin From Net: NetName=B0 Pin=D1-1
Removed Pin From Net: NetName=GND Pin=D1-2
Removed Pin From Net: NetName=B3 Pin=D2-1
Removed Pin From Net: NetName=GND Pin=D2-2
Removed Pin From Net: NetName=B4 Pin=D3-1
Removed Pin From Net: NetName=GND Pin=D3-2
Removed Pin From Net: NetName=B5 Pin=D4-1
Removed Pin From Net: NetName=GND Pin=D4-2
Removed Pin From Net: NetName=B6 Pin=D5-1
Removed Pin From Net: NetName=GND Pin=D5-2
Removed Pin From Net: NetName=B7 Pin=D6-1
Removed Pin From Net: NetName=GND Pin=D6-2
Removed Pin From Net: NetName=B8 Pin=D7-1
Removed Pin From Net: NetName=GND Pin=D7-2
Removed Pin From Net: NetName=B9 Pin=D8-1
Removed Pin From Net: NetName=GND Pin=D8-2
Removed Pin From Net: NetName=B10 Pin=D9-1
Removed Pin From Net: NetName=GND Pin=D9-2
Removed Pin From Net: NetName=B11 Pin=D10-1
Removed Pin From Net: NetName=GND Pin=D10-2
Removed Pin From Net: NetName=B12 Pin=D11-1
Removed Pin From Net: NetName=GND Pin=D11-2
Removed Pin From Net: NetName=B13 Pin=D12-1
Removed Pin From Net: NetName=GND Pin=D12-2
Removed Pin From Net: NetName=B14 Pin=D13-1
Removed Pin From Net: NetName=GND Pin=D13-2
Removed Pin From Net: NetName=B15 Pin=D14-1
Removed Pin From Net: NetName=GND Pin=D14-2
Removed Pin From Net: NetName=A1 Pin=D15-1
Removed Pin From Net: NetName=GND Pin=D15-2
Removed Pin From Net: NetName=A2 Pin=D16-1
Removed Pin From Net: NetName=GND Pin=D16-2
Added Pin To Net: NetName=VCC3V3 Pin=D1-1
Added Pin To Net: NetName=B0 Pin=D1-2
Added Pin To Net: NetName=VCC3V3 Pin=D2-1
Added Pin To Net: NetName=B3 Pin=D2-2
Added Pin To Net: NetName=VCC3V3 Pin=D3-1
Added Pin To Net: NetName=B4 Pin=D3-2
Added Pin To Net: NetName=VCC3V3 Pin=D4-1
Added Pin To Net: NetName=B5 Pin=D4-2
Added Pin To Net: NetName=VCC3V3 Pin=D5-1
Added Pin To Net: NetName=B6 Pin=D5-2
Added Pin To Net: NetName=VCC3V3 Pin=D6-1
Added Pin To Net: NetName=B7 Pin=D6-2
Added Pin To Net: NetName=VCC3V3 Pin=D7-1
Added Pin To Net: NetName=B8 Pin=D7-2
Added Pin To Net: NetName=VCC3V3 Pin=D8-1
Added Pin To Net: NetName=B9 Pin=D8-2
Added Pin To Net: NetName=VCC3V3 Pin=D9-1
Added Pin To Net: NetName=B10 Pin=D9-2
Added Pin To Net: NetName=VCC3V3 Pin=D10-1
Added Pin To Net: NetName=B11 Pin=D10-2
Added Pin To Net: NetName=VCC3V3 Pin=D11-1
Added Pin To Net: NetName=B12 Pin=D11-2
Added Pin To Net: NetName=VCC3V3 Pin=D12-1
Added Pin To Net: NetName=B13 Pin=D12-2
Added Pin To Net: NetName=VCC3V3 Pin=D13-1
Added Pin To Net: NetName=B14 Pin=D13-2
Added Pin To Net: NetName=VCC3V3 Pin=D14-1
Added Pin To Net: NetName=B15 Pin=D14-2
Added Pin To Net: NetName=VCC3V3 Pin=D15-1
Added Pin To Net: NetName=A1 Pin=D15-2
Added Pin To Net: NetName=GND Pin=D16-1
Added Pin To Net: NetName=A2 Pin=D16-2
Added Room: Name=BoatSensor
