Added Component: Designator=C1(0805)
Added Component: Designator=C2(0805)
Added Component: Designator=C3(0805)
Added Component: Designator=C4(0805)
Added Component: Designator=C5(0805)
Added Component: Designator=C6(0805)
Added Component: Designator=C7(0805)
Added Component: Designator=C8(0805)
Added Component: Designator=C9(0805)
Added Component: Designator=C10(0805)
Added Component: Designator=C11(0805)
Added Component: Designator=C12(0805)
Added Component: Designator=C13(0805)
Added Component: Designator=C14(0805)
Added Component: Designator=C15(0805)
Added Component: Designator=C16(0805)
Added Component: Designator=D1(LED_0805)
Added Component: Designator=D2(LED_0805)
Added Component: Designator=D3(LED_0805)
Added Component: Designator=D4(LED_0805)
Added Component: Designator=D5(LED_0805)
Added Component: Designator=D6(LED_0805)
Added Component: Designator=D7(LED_0805)
Added Component: Designator=D8(LED_0805)
Added Component: Designator=D9(LED_0805)
Added Component: Designator=D10(LED_0805)
Added Component: Designator=D11(LED_0805)
Added Component: Designator=D12(LED_0805)
Added Component: Designator=D13(LED_0805)
Added Component: Designator=D14(LED_0805)
Added Component: Designator=D15(LED_0805)
Added Component: Designator=D16(LED_0805)
Added Component: Designator=P1(HDR2X10)
Added Component: Designator=P2(HDR1X3)
Added Component: Designator=P3(HDR1X3)
Added Component: Designator=P4(HDR1X3)
Added Component: Designator=P5(HDR1X3)
Added Component: Designator=P6(HDR1X3)
Added Component: Designator=P7(HDR1X3)
Added Component: Designator=P8(HDR1X3)
Added Component: Designator=P9(HDR1X3)
Added Component: Designator=P10(HDR1X3)
Added Component: Designator=P11(HDR1X3)
Added Component: Designator=P12(HDR1X3)
Added Component: Designator=P13(HDR1X3)
Added Component: Designator=P14(HDR1X3)
Added Component: Designator=P15(HDR1X3)
Added Component: Designator=P16(HDR1X3)
Added Component: Designator=P17(HDR1X3)
Added Component: Designator=R1(0805)
Added Component: Designator=R2(0805)
Added Component: Designator=R3(0805)
Added Component: Designator=R4(0805)
Added Component: Designator=R5(0805)
Added Component: Designator=R6(0805)
Added Component: Designator=R7(0805)
Added Component: Designator=R8(0805)
Added Component: Designator=R9(0805)
Added Component: Designator=R10(0805)
Added Component: Designator=R11(0805)
Added Component: Designator=R12(0805)
Added Component: Designator=R13(0805)
Added Component: Designator=R14(0805)
Added Component: Designator=R15(0805)
Added Component: Designator=R16(0805)
Added Pin To Net: NetName=A1 Pin=D15-1
Added Pin To Net: NetName=A1 Pin=P1-16
Added Pin To Net: NetName=A1 Pin=P16-1
Added Net: Name=A1
Added Pin To Net: NetName=A2 Pin=D16-1
Added Pin To Net: NetName=A2 Pin=P1-18
Added Pin To Net: NetName=A2 Pin=P17-1
Added Net: Name=A2
Added Pin To Net: NetName=B0 Pin=D1-1
Added Pin To Net: NetName=B0 Pin=P1-3
Added Pin To Net: NetName=B0 Pin=P2-1
Added Net: Name=B0
Added Pin To Net: NetName=B3 Pin=D2-1
Added Pin To Net: NetName=B3 Pin=P1-5
Added Pin To Net: NetName=B3 Pin=P3-1
Added Net: Name=B3
Added Pin To Net: NetName=B4 Pin=D3-1
Added Pin To Net: NetName=B4 Pin=P1-7
Added Pin To Net: NetName=B4 Pin=P4-1
Added Net: Name=B4
Added Pin To Net: NetName=B5 Pin=D4-1
Added Pin To Net: NetName=B5 Pin=P1-9
Added Pin To Net: NetName=B5 Pin=P5-1
Added Net: Name=B5
Added Pin To Net: NetName=B6 Pin=D5-1
Added Pin To Net: NetName=B6 Pin=P1-11
Added Pin To Net: NetName=B6 Pin=P6-1
Added Net: Name=B6
Added Pin To Net: NetName=B7 Pin=D6-1
Added Pin To Net: NetName=B7 Pin=P1-13
Added Pin To Net: NetName=B7 Pin=P7-1
Added Net: Name=B7
Added Pin To Net: NetName=B8 Pin=D7-1
Added Pin To Net: NetName=B8 Pin=P1-15
Added Pin To Net: NetName=B8 Pin=P8-1
Added Net: Name=B8
Added Pin To Net: NetName=B9 Pin=D8-1
Added Pin To Net: NetName=B9 Pin=P1-17
Added Pin To Net: NetName=B9 Pin=P9-1
Added Net: Name=B9
Added Pin To Net: NetName=B10 Pin=D9-1
Added Pin To Net: NetName=B10 Pin=P1-4
Added Pin To Net: NetName=B10 Pin=P10-1
Added Net: Name=B10
Added Pin To Net: NetName=B11 Pin=D10-1
Added Pin To Net: NetName=B11 Pin=P1-6
Added Pin To Net: NetName=B11 Pin=P11-1
Added Net: Name=B11
Added Pin To Net: NetName=B12 Pin=D11-1
Added Pin To Net: NetName=B12 Pin=P1-8
Added Pin To Net: NetName=B12 Pin=P12-1
Added Net: Name=B12
Added Pin To Net: NetName=B13 Pin=D12-1
Added Pin To Net: NetName=B13 Pin=P1-10
Added Pin To Net: NetName=B13 Pin=P13-1
Added Net: Name=B13
Added Pin To Net: NetName=B14 Pin=D13-1
Added Pin To Net: NetName=B14 Pin=P1-12
Added Pin To Net: NetName=B14 Pin=P14-1
Added Net: Name=B14
Added Pin To Net: NetName=B15 Pin=D14-1
Added Pin To Net: NetName=B15 Pin=P1-14
Added Pin To Net: NetName=B15 Pin=P15-1
Added Net: Name=B15
Added Pin To Net: NetName=GND Pin=C1-2
Added Pin To Net: NetName=GND Pin=C2-2
Added Pin To Net: NetName=GND Pin=C3-2
Added Pin To Net: NetName=GND Pin=C4-2
Added Pin To Net: NetName=GND Pin=C5-2
Added Pin To Net: NetName=GND Pin=C6-2
Added Pin To Net: NetName=GND Pin=C7-2
Added Pin To Net: NetName=GND Pin=C8-2
Added Pin To Net: NetName=GND Pin=C9-2
Added Pin To Net: NetName=GND Pin=C10-2
Added Pin To Net: NetName=GND Pin=C11-2
Added Pin To Net: NetName=GND Pin=C12-2
Added Pin To Net: NetName=GND Pin=C13-2
Added Pin To Net: NetName=GND Pin=C14-2
Added Pin To Net: NetName=GND Pin=C15-2
Added Pin To Net: NetName=GND Pin=C16-2
Added Pin To Net: NetName=GND Pin=D1-2
Added Pin To Net: NetName=GND Pin=D2-2
Added Pin To Net: NetName=GND Pin=D3-2
Added Pin To Net: NetName=GND Pin=D4-2
Added Pin To Net: NetName=GND Pin=D5-2
Added Pin To Net: NetName=GND Pin=D6-2
Added Pin To Net: NetName=GND Pin=D7-2
Added Pin To Net: NetName=GND Pin=D8-2
Added Pin To Net: NetName=GND Pin=D9-2
Added Pin To Net: NetName=GND Pin=D10-2
Added Pin To Net: NetName=GND Pin=D11-2
Added Pin To Net: NetName=GND Pin=D12-2
Added Pin To Net: NetName=GND Pin=D13-2
Added Pin To Net: NetName=GND Pin=D14-2
Added Pin To Net: NetName=GND Pin=D15-2
Added Pin To Net: NetName=GND Pin=D16-2
Added Pin To Net: NetName=GND Pin=P1-20
Added Pin To Net: NetName=GND Pin=P2-2
Added Pin To Net: NetName=GND Pin=P3-2
Added Pin To Net: NetName=GND Pin=P4-2
Added Pin To Net: NetName=GND Pin=P5-2
Added Pin To Net: NetName=GND Pin=P6-2
Added Pin To Net: NetName=GND Pin=P7-2
Added Pin To Net: NetName=GND Pin=P8-2
Added Pin To Net: NetName=GND Pin=P9-2
Added Pin To Net: NetName=GND Pin=P10-2
Added Pin To Net: NetName=GND Pin=P11-2
Added Pin To Net: NetName=GND Pin=P12-2
Added Pin To Net: NetName=GND Pin=P13-2
Added Pin To Net: NetName=GND Pin=P14-2
Added Pin To Net: NetName=GND Pin=P15-2
Added Pin To Net: NetName=GND Pin=P16-2
Added Pin To Net: NetName=GND Pin=P17-2
Added Net: Name=GND
Added Pin To Net: NetName=NetC1_1 Pin=C1-1
Added Pin To Net: NetName=NetC1_1 Pin=P2-3
Added Pin To Net: NetName=NetC1_1 Pin=R1-1
Added Net: Name=NetC1_1
Added Pin To Net: NetName=NetC2_1 Pin=C2-1
Added Pin To Net: NetName=NetC2_1 Pin=P3-3
Added Pin To Net: NetName=NetC2_1 Pin=R2-1
Added Net: Name=NetC2_1
Added Pin To Net: NetName=NetC3_1 Pin=C3-1
Added Pin To Net: NetName=NetC3_1 Pin=P4-3
Added Pin To Net: NetName=NetC3_1 Pin=R3-1
Added Net: Name=NetC3_1
Added Pin To Net: NetName=NetC4_1 Pin=C4-1
Added Pin To Net: NetName=NetC4_1 Pin=P5-3
Added Pin To Net: NetName=NetC4_1 Pin=R4-1
Added Net: Name=NetC4_1
Added Pin To Net: NetName=NetC5_1 Pin=C5-1
Added Pin To Net: NetName=NetC5_1 Pin=P6-3
Added Pin To Net: NetName=NetC5_1 Pin=R5-1
Added Net: Name=NetC5_1
Added Pin To Net: NetName=NetC6_1 Pin=C6-1
Added Pin To Net: NetName=NetC6_1 Pin=P7-3
Added Pin To Net: NetName=NetC6_1 Pin=R6-1
Added Net: Name=NetC6_1
Added Pin To Net: NetName=NetC7_1 Pin=C7-1
Added Pin To Net: NetName=NetC7_1 Pin=P8-3
Added Pin To Net: NetName=NetC7_1 Pin=R7-1
Added Net: Name=NetC7_1
Added Pin To Net: NetName=NetC8_1 Pin=C8-1
Added Pin To Net: NetName=NetC8_1 Pin=P9-3
Added Pin To Net: NetName=NetC8_1 Pin=R8-1
Added Net: Name=NetC8_1
Added Pin To Net: NetName=NetC9_1 Pin=C9-1
Added Pin To Net: NetName=NetC9_1 Pin=P10-3
Added Pin To Net: NetName=NetC9_1 Pin=R9-1
Added Net: Name=NetC9_1
Added Pin To Net: NetName=NetC10_1 Pin=C10-1
Added Pin To Net: NetName=NetC10_1 Pin=P11-3
Added Pin To Net: NetName=NetC10_1 Pin=R10-1
Added Net: Name=NetC10_1
Added Pin To Net: NetName=NetC11_1 Pin=C11-1
Added Pin To Net: NetName=NetC11_1 Pin=P12-3
Added Pin To Net: NetName=NetC11_1 Pin=R11-1
Added Net: Name=NetC11_1
Added Pin To Net: NetName=NetC12_1 Pin=C12-1
Added Pin To Net: NetName=NetC12_1 Pin=P13-3
Added Pin To Net: NetName=NetC12_1 Pin=R12-1
Added Net: Name=NetC12_1
Added Pin To Net: NetName=NetC13_1 Pin=C13-1
Added Pin To Net: NetName=NetC13_1 Pin=P14-3
Added Pin To Net: NetName=NetC13_1 Pin=R13-1
Added Net: Name=NetC13_1
Added Pin To Net: NetName=NetC14_1 Pin=C14-1
Added Pin To Net: NetName=NetC14_1 Pin=P15-3
Added Pin To Net: NetName=NetC14_1 Pin=R14-1
Added Net: Name=NetC14_1
Added Pin To Net: NetName=NetC15_1 Pin=C15-1
Added Pin To Net: NetName=NetC15_1 Pin=P16-3
Added Pin To Net: NetName=NetC15_1 Pin=R15-1
Added Net: Name=NetC15_1
Added Pin To Net: NetName=NetC16_1 Pin=C16-1
Added Pin To Net: NetName=NetC16_1 Pin=P17-3
Added Pin To Net: NetName=NetC16_1 Pin=R16-1
Added Net: Name=NetC16_1
Added Pin To Net: NetName=VCC3V3 Pin=P1-19
Added Pin To Net: NetName=VCC3V3 Pin=R1-2
Added Pin To Net: NetName=VCC3V3 Pin=R2-2
Added Pin To Net: NetName=VCC3V3 Pin=R3-2
Added Pin To Net: NetName=VCC3V3 Pin=R4-2
Added Pin To Net: NetName=VCC3V3 Pin=R5-2
Added Pin To Net: NetName=VCC3V3 Pin=R6-2
Added Pin To Net: NetName=VCC3V3 Pin=R7-2
Added Pin To Net: NetName=VCC3V3 Pin=R8-2
Added Pin To Net: NetName=VCC3V3 Pin=R9-2
Added Pin To Net: NetName=VCC3V3 Pin=R10-2
Added Pin To Net: NetName=VCC3V3 Pin=R11-2
Added Pin To Net: NetName=VCC3V3 Pin=R12-2
Added Pin To Net: NetName=VCC3V3 Pin=R13-2
Added Pin To Net: NetName=VCC3V3 Pin=R14-2
Added Pin To Net: NetName=VCC3V3 Pin=R15-2
Added Pin To Net: NetName=VCC3V3 Pin=R16-2
Added Net: Name=VCC3V3
Added Class: Name=BoatSensor
Added Room: Name=BoatSensor
