Added Component: Designator=C1(0805)
Added Component: Designator=C2(0805)
Added Component: Designator=C3(0805)
Added Component: Designator=C4(0805)
Added Component: Designator=C5(0805)
Added Component: Designator=C6(0805)
Added Component: Designator=C7(0805)
Added Component: Designator=C8(0805)
Added Component: Designator=C9(0805)
Added Component: Designator=C10(0805)
Added Component: Designator=C11(0805)
Added Component: Designator=D1(LED_0805)
Added Component: Designator=D2(LED_0805)
Added Component: Designator=F1(0805)
Added Component: Designator=K1(贴片按键3*6mm)
Added Component: Designator=K2(贴片按键3*6mm)
Added Component: Designator=K3(五向按键)
Added Component: Designator=P1(HDR2X10)
Added Component: Designator=P2(HDR1X4)
Added Component: Designator=P3(HDR2X4)
Added Component: Designator=P4(HDR1X6)
Added Component: Designator=P5(HDR1X4)
Added Component: Designator=P6(HDR1X4)
Added Component: Designator=P7(HDR1X4)
Added Component: Designator=P8(HDR1X3)
Added Component: Designator=P9(HDR1X3)
Added Component: Designator=R1(0805)
Added Component: Designator=R2(0805)
Added Component: Designator=R3(0805)
Added Component: Designator=R4(0805)
Added Component: Designator=R5(0805)
Added Component: Designator=R6(0805)
Added Component: Designator=R7(0805)
Added Component: Designator=R8(0805)
Added Component: Designator=R9(0805)
Added Component: Designator=R10(0805)
Added Component: Designator=R11(0805)
Added Component: Designator=U1(STM32F103C8T6)
Added Component: Designator=U2(AMS1117)
Added Component: Designator=Y1(晶振49S型)
Added Pin To Net: NetName=(A6) Pin=K3-5
Added Pin To Net: NetName=(A6) Pin=P8-2
Added Net: Name=(A6)
Added Pin To Net: NetName=(GND) Pin=P8-3
Added Pin To Net: NetName=(GND) Pin=R11-2
Added Net: Name=(GND)
Added Pin To Net: NetName=(VCC_3.3) Pin=P8-1
Added Pin To Net: NetName=(VCC_3.3) Pin=R6-1
Added Net: Name=(VCC_3.3)
Added Pin To Net: NetName=A0 Pin=P4-5
Added Pin To Net: NetName=A0 Pin=U1-10
Added Net: Name=A0
Added Pin To Net: NetName=A1 Pin=P1-16
Added Pin To Net: NetName=A1 Pin=U1-11
Added Net: Name=A1
Added Pin To Net: NetName=A2 Pin=P1-18
Added Pin To Net: NetName=A2 Pin=U1-12
Added Net: Name=A2
Added Pin To Net: NetName=A3 Pin=P4-6
Added Pin To Net: NetName=A3 Pin=U1-13
Added Net: Name=A3
Added Pin To Net: NetName=A4 Pin=P4-4
Added Pin To Net: NetName=A4 Pin=U1-14
Added Net: Name=A4
Added Pin To Net: NetName=A5 Pin=P6-3
Added Pin To Net: NetName=A5 Pin=U1-15
Added Net: Name=A5
Added Pin To Net: NetName=A6 Pin=P9-2
Added Pin To Net: NetName=A6 Pin=U1-16
Added Net: Name=A6
Added Pin To Net: NetName=A7 Pin=P6-4
Added Pin To Net: NetName=A7 Pin=U1-17
Added Net: Name=A7
Added Pin To Net: NetName=A8 Pin=P5-4
Added Pin To Net: NetName=A8 Pin=U1-29
Added Net: Name=A8
Added Pin To Net: NetName=A9 Pin=P2-2
Added Pin To Net: NetName=A9 Pin=U1-30
Added Net: Name=A9
Added Pin To Net: NetName=A10 Pin=P2-3
Added Pin To Net: NetName=A10 Pin=U1-31
Added Net: Name=A10
Added Pin To Net: NetName=A11 Pin=P5-3
Added Pin To Net: NetName=A11 Pin=U1-32
Added Net: Name=A11
Added Pin To Net: NetName=A12 Pin=K2-1
Added Pin To Net: NetName=A12 Pin=U1-33
Added Net: Name=A12
Added Pin To Net: NetName=A15 Pin=R4-1
Added Pin To Net: NetName=A15 Pin=U1-38
Added Net: Name=A15
Added Pin To Net: NetName=B0 Pin=P1-3
Added Pin To Net: NetName=B0 Pin=U1-18
Added Net: Name=B0
Added Pin To Net: NetName=B1 Pin=P4-3
Added Pin To Net: NetName=B1 Pin=U1-19
Added Net: Name=B1
Added Pin To Net: NetName=B3 Pin=P1-5
Added Pin To Net: NetName=B3 Pin=U1-39
Added Net: Name=B3
Added Pin To Net: NetName=B4 Pin=P1-7
Added Pin To Net: NetName=B4 Pin=U1-40
Added Net: Name=B4
Added Pin To Net: NetName=B5 Pin=P1-9
Added Pin To Net: NetName=B5 Pin=U1-41
Added Net: Name=B5
Added Pin To Net: NetName=B6 Pin=P1-11
Added Pin To Net: NetName=B6 Pin=U1-42
Added Net: Name=B6
Added Pin To Net: NetName=B7 Pin=P1-13
Added Pin To Net: NetName=B7 Pin=U1-43
Added Net: Name=B7
Added Pin To Net: NetName=B8 Pin=P1-15
Added Pin To Net: NetName=B8 Pin=U1-45
Added Net: Name=B8
Added Pin To Net: NetName=B9 Pin=P1-17
Added Pin To Net: NetName=B9 Pin=U1-46
Added Net: Name=B9
Added Pin To Net: NetName=B10 Pin=P1-4
Added Pin To Net: NetName=B10 Pin=U1-21
Added Net: Name=B10
Added Pin To Net: NetName=B11 Pin=P1-6
Added Pin To Net: NetName=B11 Pin=U1-22
Added Net: Name=B11
Added Pin To Net: NetName=B12 Pin=P1-8
Added Pin To Net: NetName=B12 Pin=U1-25
Added Net: Name=B12
Added Pin To Net: NetName=B13 Pin=P1-10
Added Pin To Net: NetName=B13 Pin=U1-26
Added Net: Name=B13
Added Pin To Net: NetName=B14 Pin=P1-12
Added Pin To Net: NetName=B14 Pin=U1-27
Added Net: Name=B14
Added Pin To Net: NetName=B15 Pin=P1-14
Added Pin To Net: NetName=B15 Pin=U1-28
Added Net: Name=B15
Added Pin To Net: NetName=CLK Pin=P7-3
Added Pin To Net: NetName=CLK Pin=U1-37
Added Net: Name=CLK
Added Pin To Net: NetName=DIO Pin=P7-2
Added Pin To Net: NetName=DIO Pin=U1-34
Added Net: Name=DIO
Added Pin To Net: NetName=GND Pin=C1-1
Added Pin To Net: NetName=GND Pin=C2-1
Added Pin To Net: NetName=GND Pin=C3-1
Added Pin To Net: NetName=GND Pin=C4-1
Added Pin To Net: NetName=GND Pin=C5-1
Added Pin To Net: NetName=GND Pin=C6-1
Added Pin To Net: NetName=GND Pin=C7-1
Added Pin To Net: NetName=GND Pin=C8-1
Added Pin To Net: NetName=GND Pin=C9-1
Added Pin To Net: NetName=GND Pin=C10-1
Added Pin To Net: NetName=GND Pin=C11-1
Added Pin To Net: NetName=GND Pin=D1-2
Added Pin To Net: NetName=GND Pin=D2-2
Added Pin To Net: NetName=GND Pin=K1-1
Added Pin To Net: NetName=GND Pin=K2-2
Added Pin To Net: NetName=GND Pin=P1-20
Added Pin To Net: NetName=GND Pin=P2-4
Added Pin To Net: NetName=GND Pin=P3-5
Added Pin To Net: NetName=GND Pin=P3-6
Added Pin To Net: NetName=GND Pin=P3-7
Added Pin To Net: NetName=GND Pin=P3-8
Added Pin To Net: NetName=GND Pin=P4-1
Added Pin To Net: NetName=GND Pin=P5-2
Added Pin To Net: NetName=GND Pin=P6-2
Added Pin To Net: NetName=GND Pin=P7-4
Added Pin To Net: NetName=GND Pin=P9-3
Added Pin To Net: NetName=GND Pin=R1-1
Added Pin To Net: NetName=GND Pin=R3-2
Added Pin To Net: NetName=GND Pin=U1-8
Added Pin To Net: NetName=GND Pin=U1-23
Added Pin To Net: NetName=GND Pin=U1-35
Added Pin To Net: NetName=GND Pin=U1-47
Added Pin To Net: NetName=GND Pin=U2-1
Added Net: Name=GND
Added Pin To Net: NetName=NetC1_2 Pin=C1-2
Added Pin To Net: NetName=NetC1_2 Pin=U1-5
Added Pin To Net: NetName=NetC1_2 Pin=Y1-2
Added Net: Name=NetC1_2
Added Pin To Net: NetName=NetC2_2 Pin=C2-2
Added Pin To Net: NetName=NetC2_2 Pin=U1-6
Added Pin To Net: NetName=NetC2_2 Pin=Y1-1
Added Net: Name=NetC2_2
Added Pin To Net: NetName=NetC3_2 Pin=C3-2
Added Pin To Net: NetName=NetC3_2 Pin=K1-2
Added Pin To Net: NetName=NetC3_2 Pin=R2-2
Added Pin To Net: NetName=NetC3_2 Pin=U1-7
Added Net: Name=NetC3_2
Added Pin To Net: NetName=NetC6_2 Pin=C6-2
Added Pin To Net: NetName=NetC6_2 Pin=C7-2
Added Pin To Net: NetName=NetC6_2 Pin=F1-1
Added Pin To Net: NetName=NetC6_2 Pin=U2-2
Added Pin To Net: NetName=NetC6_2 Pin=U2-2
Added Net: Name=NetC6_2
Added Pin To Net: NetName=NetD1_1 Pin=D1-1
Added Pin To Net: NetName=NetD1_1 Pin=R4-2
Added Net: Name=NetD1_1
Added Pin To Net: NetName=NetD2_1 Pin=D2-1
Added Pin To Net: NetName=NetD2_1 Pin=R5-2
Added Net: Name=NetD2_1
Added Pin To Net: NetName=NetK3_1 Pin=K3-1
Added Pin To Net: NetName=NetK3_1 Pin=R8-2
Added Pin To Net: NetName=NetK3_1 Pin=R9-1
Added Net: Name=NetK3_1
Added Pin To Net: NetName=NetK3_2 Pin=K3-2
Added Pin To Net: NetName=NetK3_2 Pin=R7-2
Added Pin To Net: NetName=NetK3_2 Pin=R8-1
Added Net: Name=NetK3_2
Added Pin To Net: NetName=NetK3_3 Pin=K3-3
Added Pin To Net: NetName=NetK3_3 Pin=R6-2
Added Pin To Net: NetName=NetK3_3 Pin=R7-1
Added Net: Name=NetK3_3
Added Pin To Net: NetName=NetK3_4 Pin=K3-4
Added Pin To Net: NetName=NetK3_4 Pin=R9-2
Added Pin To Net: NetName=NetK3_4 Pin=R10-1
Added Net: Name=NetK3_4
Added Pin To Net: NetName=NetK3_6 Pin=K3-6
Added Pin To Net: NetName=NetK3_6 Pin=R10-2
Added Pin To Net: NetName=NetK3_6 Pin=R11-1
Added Net: Name=NetK3_6
Added Pin To Net: NetName=NetR1_2 Pin=R1-2
Added Pin To Net: NetName=NetR1_2 Pin=U1-44
Added Net: Name=NetR1_2
Added Pin To Net: NetName=NetR3_1 Pin=R3-1
Added Pin To Net: NetName=NetR3_1 Pin=U1-20
Added Net: Name=NetR3_1
Added Pin To Net: NetName=VCC5 Pin=C4-2
Added Pin To Net: NetName=VCC5 Pin=C5-2
Added Pin To Net: NetName=VCC5 Pin=P2-1
Added Pin To Net: NetName=VCC5 Pin=P3-1
Added Pin To Net: NetName=VCC5 Pin=P3-3
Added Pin To Net: NetName=VCC5 Pin=P4-2
Added Pin To Net: NetName=VCC5 Pin=U2-3
Added Net: Name=VCC5
Added Pin To Net: NetName=VCC_3.3 Pin=C8-2
Added Pin To Net: NetName=VCC_3.3 Pin=C9-2
Added Pin To Net: NetName=VCC_3.3 Pin=C10-2
Added Pin To Net: NetName=VCC_3.3 Pin=C11-2
Added Pin To Net: NetName=VCC_3.3 Pin=F1-2
Added Pin To Net: NetName=VCC_3.3 Pin=P1-19
Added Pin To Net: NetName=VCC_3.3 Pin=P3-2
Added Pin To Net: NetName=VCC_3.3 Pin=P3-4
Added Pin To Net: NetName=VCC_3.3 Pin=P5-1
Added Pin To Net: NetName=VCC_3.3 Pin=P6-1
Added Pin To Net: NetName=VCC_3.3 Pin=P7-1
Added Pin To Net: NetName=VCC_3.3 Pin=P9-1
Added Pin To Net: NetName=VCC_3.3 Pin=R2-1
Added Pin To Net: NetName=VCC_3.3 Pin=R5-1
Added Pin To Net: NetName=VCC_3.3 Pin=U1-9
Added Pin To Net: NetName=VCC_3.3 Pin=U1-24
Added Pin To Net: NetName=VCC_3.3 Pin=U1-36
Added Pin To Net: NetName=VCC_3.3 Pin=U1-48
Added Net: Name=VCC_3.3
Added Class: Name=core
Added Room: Name=core
